<?xml version="1.0" encoding="UTF-8"?>
<!-- Generated by org.testng.reporters.JUnitXMLReporter -->
<testsuite hostname="Panchhi" name="Chrome Test" tests="8" failures="0" timestamp="8 Aug 2019 16:06:54 GMT" time="50.837" errors="0">
  <testcase name="browserSetUp" time="12.795" classname="com.w2a.base.TestBase"/>
  <testcase name="loginAsBankManager" time="3.29" classname="com.w2a.TestCases.BankManagerLogin"/>
  <testcase name="browserSetUp" time="0.003" classname="com.w2a.TestCases.BankManagerLogin"/>
  <testcase name="browserSetUp" time="0.004" classname="com.w2a.TestCases.AddCustomerTest"/>
  <testcase name="addNewCustomer" time="9.17" classname="com.w2a.TestCases.AddCustomerTest"/>
  <testcase name="addNewCustomer" time="8.454" classname="com.w2a.TestCases.AddCustomerTest"/>
  <testcase name="addNewCustomer" time="8.468" classname="com.w2a.TestCases.AddCustomerTest"/>
  <testcase name="addNewCustomer" time="8.444" classname="com.w2a.TestCases.AddCustomerTest"/>
</testsuite> <!-- Chrome Test -->
