<?xml version="1.0" encoding="UTF-8"?>
<!-- Generated by org.testng.reporters.JUnitXMLReporter -->
<testsuite hostname="Panchhi" name="Add New Customer Test" tests="4" failures="0" timestamp="31 Jul 2019 05:04:39 GMT" time="48.055" errors="0">
  <testcase name="addCustomer" time="12.569" classname="com.w2a.TestCases.AddCustomerTest"/>
  <testcase name="addCustomer" time="11.814" classname="com.w2a.TestCases.AddCustomerTest"/>
  <testcase name="addCustomer" time="11.808" classname="com.w2a.TestCases.AddCustomerTest"/>
  <testcase name="addCustomer" time="11.713" classname="com.w2a.TestCases.AddCustomerTest"/>
</testsuite> <!-- Add New Customer Test -->
