<?xml version="1.0" encoding="UTF-8"?>
<!-- Generated by org.testng.reporters.JUnitXMLReporter -->
<testsuite hostname="Panchhi" name="BANK MANAGER LOGIN TEST" tests="5" failures="0" timestamp="6 Aug 2019 04:19:29 GMT" time="39.59" errors="0">
  <testcase name="loginAsBankManager" time="4.291" classname="com.w2a.TestCases.BankManagerLogin"/>
  <testcase name="addNewCustomer" time="9.19" classname="com.w2a.TestCases.AddCustomerTest"/>
  <testcase name="addNewCustomer" time="8.659" classname="com.w2a.TestCases.AddCustomerTest"/>
  <testcase name="addNewCustomer" time="8.626" classname="com.w2a.TestCases.AddCustomerTest"/>
  <testcase name="addNewCustomer" time="8.675" classname="com.w2a.TestCases.AddCustomerTest"/>
</testsuite> <!-- BANK MANAGER LOGIN TEST -->
