<?xml version="1.0" encoding="UTF-8"?>
<!-- Generated by org.testng.reporters.JUnitXMLReporter -->
<testsuite hostname="Panchhi" name="Chrome LOGIN TEST" tests="2" failures="0" timestamp="6 Aug 2019 04:52:23 GMT" time="0.111" errors="0">
  <testcase name="loginAsBankManager" time="0.026" classname="com.w2a.TestCases.BankManagerLogin">
    <skipped/>
  </testcase> <!-- loginAsBankManager -->
  <testcase name="addNewCustomer" time="0.002" classname="com.w2a.TestCases.AddCustomerTest">
    <skipped/>
  </testcase> <!-- addNewCustomer -->
</testsuite> <!-- Chrome LOGIN TEST -->
