<?xml version="1.0" encoding="UTF-8"?>
<!-- Generated by org.testng.reporters.JUnitXMLReporter -->
<testsuite hostname="Panchhi" name="Firefox LOGIN TEST" tests="2" failures="0" timestamp="6 Aug 2019 04:52:23 GMT" time="0.022" errors="0">
  <testcase name="@BeforeSuite browserSetUp" time="0.0" classname="com.w2a.TestCases.BankManagerLogin">
    <failure type="org.testng.TestNGException" message="
Parameter &amp;apos;browser&amp;apos; is required by @Configuration on method browserSetUp but has not been marked @Optional or defined
in E:\Workspace\DataDrivenFramework\src\test\resources\runner\testng.xml">
      <![CDATA[org.testng.TestNGException: 
Parameter 'browser' is required by @Configuration on method browserSetUp but has not been marked @Optional or defined
in E:\Workspace\DataDrivenFramework\src\test\resources\runner\testng.xml
... Removed 15 stack frames]]>
    </failure>
  </testcase> <!-- @BeforeSuite browserSetUp -->
  <testcase name="loginAsBankManager" time="0.013" classname="com.w2a.TestCases.BankManagerLogin">
    <skipped/>
  </testcase> <!-- loginAsBankManager -->
  <testcase name="addNewCustomer" time="0.0" classname="com.w2a.TestCases.AddCustomerTest">
    <skipped/>
  </testcase> <!-- addNewCustomer -->
</testsuite> <!-- Firefox LOGIN TEST -->
