<?xml version="1.0" encoding="UTF-8"?>
<!-- Generated by org.testng.reporters.JUnitXMLReporter -->
<testsuite hostname="Panchhi" name="Chrome Test" tests="8" failures="0" timestamp="16 Aug 2019 13:53:38 GMT" time="52.036" errors="0">
  <testcase name="browserSetUp" time="14.136" classname="com.w2a.base.TestBase"/>
  <testcase name="browserSetUp" time="0.003" classname="com.w2a.TestCases.AddCustomerTest"/>
  <testcase name="loginAsBankManager" time="3.344" classname="com.w2a.TestCases.BankManagerLogin"/>
  <testcase name="browserSetUp" time="0.003" classname="com.w2a.TestCases.BankManagerLogin"/>
  <testcase name="addNewCustomer" time="9.186" classname="com.w2a.TestCases.AddCustomerTest"/>
  <testcase name="addNewCustomer" time="8.464" classname="com.w2a.TestCases.AddCustomerTest"/>
  <testcase name="addNewCustomer" time="8.511" classname="com.w2a.TestCases.AddCustomerTest"/>
  <testcase name="addNewCustomer" time="8.242" classname="com.w2a.TestCases.AddCustomerTest"/>
</testsuite> <!-- Chrome Test -->
