<?xml version="1.0" encoding="UTF-8"?>
<!-- Generated by org.testng.reporters.JUnitXMLReporter -->
<testsuite hostname="Panchhi" name="Firefox Test" tests="5" failures="1" timestamp="9 Aug 2019 14:05:56 GMT" time="0.402" errors="0">
  <testcase name="browserSetUp" time="0.003" classname="com.w2a.TestCases.AddCustomerTest"/>
  <testcase name="browserSetUp" time="0.004" classname="com.w2a.base.TestBase"/>
  <testcase name="browserSetUp" time="0.004" classname="com.w2a.TestCases.BankManagerLogin"/>
  <testcase name="loginAsBankManager" time="0.289" classname="com.w2a.TestCases.BankManagerLogin">
    <failure type="org.openqa.selenium.WebDriverException" message="Returned value cannot be converted to WebElement: {stacktrace=Backtrace:
	Ordinal0 [0x00E41B43+1448771]
	Ordinal0 [0x00DC5A31+940593]
	Ordinal0 [0x00D5213C+467260]
	Ordinal0 [0x00CF092B+67883]
	Ordinal0 [0x00CF1990+72080]
	Ordinal0 [0x00CF1929+71977]
	GetHandleVerifier [0x00F82E8C+1172172]
	GetHandleVerifier [0x00EDFE55+504469]
	GetHandleVerifier [0x00EDFBF0+503856]
	Ordinal0 [0x00E4C9C8+1493448]
	GetHandleVerifier [0x00EE062A+506474]
	Ordinal0 [0x00DD7156+1012054]
	Ordinal0 [0x00DD6FCF+1011663]
	Ordinal0 [0x00DE135B+1053531]
	Ordinal0 [0x00DE14C3+1053891]
	Ordinal0 [0x00DE04F5+1049845]
	BaseThreadInitThunk [0x773F6A14+36]
	RtlInitializeExceptionChain [0x77D1AD8F+143]
	RtlInitializeExceptionChain [0x77D1AD5A+90]
, error=invalid session id, message=invalid session id}
Build info: version: &amp;apos;2.53.0&amp;apos;, revision: &amp;apos;35ae25b&amp;apos;, time: &amp;apos;2016-03-15 16:57:40&amp;apos;
System info: host: &amp;apos;Panchhi&amp;apos;, ip: &amp;apos;192.168.0.39&amp;apos;, os.name: &amp;apos;Windows 8.1&amp;apos;, os.arch: &amp;apos;amd64&amp;apos;, os.version: &amp;apos;6.3&amp;apos;, java.version: &amp;apos;1.8.0_211&amp;apos;
Driver info: driver.version: RemoteWebDriver">
      <![CDATA[org.openqa.selenium.WebDriverException: Returned value cannot be converted to WebElement: {stacktrace=Backtrace:
	Ordinal0 [0x00E41B43+1448771]
	Ordinal0 [0x00DC5A31+940593]
	Ordinal0 [0x00D5213C+467260]
	Ordinal0 [0x00CF092B+67883]
	Ordinal0 [0x00CF1990+72080]
	Ordinal0 [0x00CF1929+71977]
	GetHandleVerifier [0x00F82E8C+1172172]
	GetHandleVerifier [0x00EDFE55+504469]
	GetHandleVerifier [0x00EDFBF0+503856]
	Ordinal0 [0x00E4C9C8+1493448]
	GetHandleVerifier [0x00EE062A+506474]
	Ordinal0 [0x00DD7156+1012054]
	Ordinal0 [0x00DD6FCF+1011663]
	Ordinal0 [0x00DE135B+1053531]
	Ordinal0 [0x00DE14C3+1053891]
	Ordinal0 [0x00DE04F5+1049845]
	BaseThreadInitThunk [0x773F6A14+36]
	RtlInitializeExceptionChain [0x77D1AD8F+143]
	RtlInitializeExceptionChain [0x77D1AD5A+90]
, error=invalid session id, message=invalid session id}
Build info: version: '2.53.0', revision: '35ae25b', time: '2016-03-15 16:57:40'
System info: host: 'Panchhi', ip: '192.168.0.39', os.name: 'Windows 8.1', os.arch: 'amd64', os.version: '6.3', java.version: '1.8.0_211'
Driver info: driver.version: RemoteWebDriver
	at org.openqa.selenium.remote.RemoteWebDriver.findElement(RemoteWebDriver.java:370)
	at org.openqa.selenium.remote.RemoteWebDriver.findElementByCssSelector(RemoteWebDriver.java:492)
	at org.openqa.selenium.By$ByCssSelector.findElement(By.java:430)
	at org.openqa.selenium.remote.RemoteWebDriver.findElement(RemoteWebDriver.java:355)
	at com.w2a.TestCases.BankManagerLogin.loginAsBankManager(BankManagerLogin.java:17)
	at java.util.concurrent.ThreadPoolExecutor.runWorker(Unknown Source)
	at java.util.concurrent.ThreadPoolExecutor$Worker.run(Unknown Source)
	at java.lang.Thread.run(Unknown Source)
Caused by: java.lang.ClassCastException: com.google.common.collect.Maps$TransformedEntriesMap cannot be cast to org.openqa.selenium.WebElement
	at org.openqa.selenium.remote.RemoteWebDriver.findElement(RemoteWebDriver.java:368)
	... 17 more
... Removed 10 stack frames]]>
    </failure>
  </testcase> <!-- loginAsBankManager -->
  <testcase name="addNewCustomer" time="0.0" classname="com.w2a.TestCases.AddCustomerTest">
    <skipped/>
  </testcase> <!-- addNewCustomer -->
</testsuite> <!-- Firefox Test -->
